<?xml version="1.0" encoding="UTF-8"?>
<!-- Generated by org.testng.reporters.JUnitReportReporter -->
<testsuite hostname="devlt08" name="pack1.Demo" tests="1" failures="0" timestamp="20 Nov 2015 09:55:47 GMT" time="0.007" errors="0">
  <testcase name="testJenkins" time="0.007" classname="pack1.Demo"/>
</testsuite> <!-- pack1.Demo -->
